2019-09-03 23:18:17.113: svms.AddressEndToEndTest: 
### started createDataForAddress() ###
2019-09-03 23:18:17.113: svms.Repository.AddressRepositoryImpl: 
cleanUp(): query: DELETE FROM address
2019-09-03 23:18:17.449: svms.Repository.AddressRepositoryImpl: 
saveAddress(): query: INSERT INTO address VALUES(?,?,?,?,?,?,?,?,?,?,?,?,?) and address: Address{addressId=999998, houseNo='plot no 4', street='dwaraka nagar cology', landmark='patancheru', villageTownCity='kistareddypet', district='sangareddy', state='telangana', pincode=502139, status='A', dBLog=DBLog{timestamp='2019-09-03 23:18:17.113', application='svms-1.0v', machineName='LAPTOP-D1GI58VA', userId='999998'}}
2019-09-03 23:18:17.571: svms.Repository.AddressRepositoryImpl: 
saveAddress(): query: INSERT INTO address VALUES(?,?,?,?,?,?,?,?,?,?,?,?,?) and address: Address{addressId=999997, houseNo='plot no 4', street='dwaraka nagar cology', landmark='patancheru', villageTownCity='kistareddypet', district='sangareddy', state='telangana', pincode=502139, status='I', dBLog=DBLog{timestamp='2019-09-03 23:18:17.113', application='svms-1.0v', machineName='LAPTOP-D1GI58VA', userId='999997'}}
2019-09-03 23:18:17.592: svms.Repository.AddressRepositoryImpl: 
saveAddress(): query: INSERT INTO address VALUES(?,?,?,?,?,?,?,?,?,?,?,?,?) and address: Address{addressId=999996, houseNo='plot no 4', street='dwaraka nagar cology', landmark='patancheru', villageTownCity='kistareddypet', district='sangareddy', state='telangana', pincode=502139, status='I', dBLog=DBLog{timestamp='2019-09-03 23:18:17.113', application='svms-1.0v', machineName='LAPTOP-D1GI58VA', userId='999996'}}
2019-09-03 23:18:17.611: svms.Repository.AddressRepositoryImpl: 
saveAddress(): query: INSERT INTO address VALUES(?,?,?,?,?,?,?,?,?,?,?,?,?) and address: Address{addressId=999995, houseNo='plot no 4', street='dwaraka nagar cology', landmark='patancheru', villageTownCity='kistareddypet', district='sangareddy', state='telangana', pincode=502139, status='I', dBLog=DBLog{timestamp='2019-09-03 23:18:17.113', application='svms-1.0v', machineName='LAPTOP-D1GI58VA', userId='999995'}}
2019-09-03 23:18:17.632: svms.Repository.AddressRepositoryImpl: 
findAllAddress(): query: SELECT * FROM address
createDataForAddress(): data[Address{addressId=999995, houseNo='plot no 4', street='dwaraka nagar cology', landmark='patancheru', villageTownCity='kistareddypet', district='sangareddy', state='telangana', pincode=502139, status='I', dBLog=DBLog{timestamp='2019-09-03 23:18:17.113', application='svms-1.0v', machineName='LAPTOP-D1GI58VA', userId='999995'}}, Address{addressId=999998, houseNo='plot no 4', street='dwaraka nagar cology', landmark='patancheru', villageTownCity='kistareddypet', district='sangareddy', state='telangana', pincode=502139, status='A', dBLog=DBLog{timestamp='2019-09-03 23:18:17.113', application='svms-1.0v', machineName='LAPTOP-D1GI58VA', userId='999998'}}, Address{addressId=999997, houseNo='plot no 4', street='dwaraka nagar cology', landmark='patancheru', villageTownCity='kistareddypet', district='sangareddy', state='telangana', pincode=502139, status='I', dBLog=DBLog{timestamp='2019-09-03 23:18:17.113', application='svms-1.0v', machineName='LAPTOP-D1GI58VA', userId='999997'}}, Address{addressId=999996, houseNo='plot no 4', street='dwaraka nagar cology', landmark='patancheru', villageTownCity='kistareddypet', district='sangareddy', state='telangana', pincode=502139, status='I', dBLog=DBLog{timestamp='2019-09-03 23:18:17.113', application='svms-1.0v', machineName='LAPTOP-D1GI58VA', userId='999996'}}]
### ended createDataForAddress() ###
2019-09-03 23:18:17.676: svms.AddressEndToEndTest: 
dataSetup(): 
2019-09-03 23:18:17.68: svms.AddressEndToEndTest: 
2019-09-03 23:18:17.68: svms.Repository.AddressRepositoryImpl: 
findAddressByStatus(): query: SELECT * FROM address WHERE status = :status and params: {status=I}
findAddressByStatusTest(): expected: 3 actual: 3
2019-09-03 23:18:17.701: svms.Repository.AddressRepositoryImpl: 
findAddressByStatus(): query: SELECT * FROM address WHERE status = :status and params: {status=I}
findAddressByStatusTest(): expected: [Address{addressId=999997, houseNo='plot no 4', street='dwaraka nagar cology', landmark='patancheru', villageTownCity='kistareddypet', district='sangareddy', state='telangana', pincode=502139, status='I', dBLog=DBLog{timestamp='2019-09-03 23:18:17.113', application='svms-1.0v', machineName='LAPTOP-D1GI58VA', userId='999997'}}, Address{addressId=999996, houseNo='plot no 4', street='dwaraka nagar cology', landmark='patancheru', villageTownCity='kistareddypet', district='sangareddy', state='telangana', pincode=502139, status='I', dBLog=DBLog{timestamp='2019-09-03 23:18:17.113', application='svms-1.0v', machineName='LAPTOP-D1GI58VA', userId='999996'}}, Address{addressId=999995, houseNo='plot no 4', street='dwaraka nagar cology', landmark='patancheru', villageTownCity='kistareddypet', district='sangareddy', state='telangana', pincode=502139, status='I', dBLog=DBLog{timestamp='2019-09-03 23:18:17.113', application='svms-1.0v', machineName='LAPTOP-D1GI58VA', userId='999995'}}] actual: [Address{addressId=999995, houseNo='plot no 4', street='dwaraka nagar cology', landmark='patancheru', villageTownCity='kistareddypet', district='sangareddy', state='telangana', pincode=502139, status='I', dBLog=DBLog{timestamp='2019-09-03 23:18:17.113', application='svms-1.0v', machineName='LAPTOP-D1GI58VA', userId='999995'}}, Address{addressId=999997, houseNo='plot no 4', street='dwaraka nagar cology', landmark='patancheru', villageTownCity='kistareddypet', district='sangareddy', state='telangana', pincode=502139, status='I', dBLog=DBLog{timestamp='2019-09-03 23:18:17.113', application='svms-1.0v', machineName='LAPTOP-D1GI58VA', userId='999997'}}, Address{addressId=999996, houseNo='plot no 4', street='dwaraka nagar cology', landmark='patancheru', villageTownCity='kistareddypet', district='sangareddy', state='telangana', pincode=502139, status='I', dBLog=DBLog{timestamp='2019-09-03 23:18:17.113', application='svms-1.0v', machineName='LAPTOP-D1GI58VA', userId='999996'}}]
2019-09-03 23:18:17.722: svms.Repository.AddressRepositoryImpl: 
findAddressByStatus(): query: SELECT * FROM address WHERE status = :status and params: {status=I}
2019-09-03 23:18:17.741: svms.Repository.AddressRepositoryImpl: 
findAddressByStatus(): query: SELECT * FROM address WHERE status = :status and params: {status=I}
2019-09-03 23:18:17.762: svms.AddressEndToEndTest: 
deleteAddressTest()
2019-09-03 23:18:17.762: svms.Repository.AddressRepositoryImpl: 
saveAddress(): query: INSERT INTO address VALUES(?,?,?,?,?,?,?,?,?,?,?,?,?) and address: Address{addressId=999993, houseNo='plot no 4', street='dwaraka nagar cology', landmark='patancheru', villageTownCity='kistareddypet', district='sangareddy', state='telangana', pincode=502139, status='I', dBLog=DBLog{timestamp='2019-09-03 23:18:17.113', application='svms-1.0v', machineName='LAPTOP-D1GI58VA', userId='999993'}}
2019-09-03 23:18:17.779: svms.Repository.AddressRepositoryImpl: 
deleteAddress(): query: INSERT INTO address VALUES(?,?,?,?,?,?,?,?,?,?,?,?,?) and id: 999993
2019-09-03 23:18:17.813: svms.Repository.AddressRepositoryImpl: 
findAllAddress(): query: SELECT * FROM address
2019-09-03 23:18:17.831: svms.AddressEndToEndTest: 
findAllAddressTest(): [Address{addressId=999995, houseNo='plot no 4', street='dwaraka nagar cology', landmark='patancheru', villageTownCity='kistareddypet', district='sangareddy', state='telangana', pincode=502139, status='I', dBLog=DBLog{timestamp='2019-09-03 23:18:17.113', application='svms-1.0v', machineName='LAPTOP-D1GI58VA', userId='999995'}}, Address{addressId=999998, houseNo='plot no 4', street='dwaraka nagar cology', landmark='patancheru', villageTownCity='kistareddypet', district='sangareddy', state='telangana', pincode=502139, status='A', dBLog=DBLog{timestamp='2019-09-03 23:18:17.113', application='svms-1.0v', machineName='LAPTOP-D1GI58VA', userId='999998'}}, Address{addressId=999997, houseNo='plot no 4', street='dwaraka nagar cology', landmark='patancheru', villageTownCity='kistareddypet', district='sangareddy', state='telangana', pincode=502139, status='I', dBLog=DBLog{timestamp='2019-09-03 23:18:17.113', application='svms-1.0v', machineName='LAPTOP-D1GI58VA', userId='999997'}}, Address{addressId=999996, houseNo='plot no 4', street='dwaraka nagar cology', landmark='patancheru', villageTownCity='kistareddypet', district='sangareddy', state='telangana', pincode=502139, status='I', dBLog=DBLog{timestamp='2019-09-03 23:18:17.113', application='svms-1.0v', machineName='LAPTOP-D1GI58VA', userId='999996'}}]
2019-09-03 23:18:17.831: svms.Repository.AddressRepositoryImpl: 
saveAddress(): query: INSERT INTO address VALUES(?,?,?,?,?,?,?,?,?,?,?,?,?) and address: Address{addressId=999994, houseNo='plot no 4', street='dwaraka nagar cology', landmark='patancheru', villageTownCity='kistareddypet', district='sangareddy', state='telangana', pincode=502139, status='I', dBLog=DBLog{timestamp='2019-09-03 23:18:17.113', application='svms-1.0v', machineName='LAPTOP-D1GI58VA', userId='999994'}}
2019-09-03 23:18:17.851: svms.AddressEndToEndTest: 
2019-09-03 23:18:17.851: svms.Repository.AddressRepositoryImpl: 
findAddressById(): query: SELECT * FROM address WHERE addressid = :addressid
saveAddressTest(): expected: Address{addressId=999994, houseNo='plot no 4', street='dwaraka nagar cology', landmark='patancheru', villageTownCity='kistareddypet', district='sangareddy', state='telangana', pincode=502139, status='I', dBLog=DBLog{timestamp='2019-09-03 23:18:17.113', application='svms-1.0v', machineName='LAPTOP-D1GI58VA', userId='999994'}} actual: Address{addressId=999994, houseNo='plot no 4', street='dwaraka nagar cology', landmark='patancheru', villageTownCity='kistareddypet', district='sangareddy', state='telangana', pincode=502139, status='I', dBLog=DBLog{timestamp='2019-09-03 23:18:17.113', application='svms-1.0v', machineName='LAPTOP-D1GI58VA', userId='999994'}}
2019-09-03 23:18:17.87: svms.Repository.AddressRepositoryImpl: 
findAddressById(): query: SELECT * FROM address WHERE addressid = :addressid
2019-09-03 23:18:17.89: svms.Repository.AddressRepositoryImpl: 
deleteAddress(): query: INSERT INTO address VALUES(?,?,?,?,?,?,?,?,?,?,?,?,?) and id: 999994
2019-09-03 23:18:17.918: svms.AddressEndToEndTest: 
2019-09-03 23:18:17.919: svms.Repository.AddressRepositoryImpl: 
findAddressById(): query: SELECT * FROM address WHERE addressid = :addressid
findAddressByIdTest(): expected: Address{addressId=999998, houseNo='plot no 4', street='dwaraka nagar cology', landmark='patancheru', villageTownCity='kistareddypet', district='sangareddy', state='telangana', pincode=502139, status='A', dBLog=DBLog{timestamp='2019-09-03 23:18:17.113', application='svms-1.0v', machineName='LAPTOP-D1GI58VA', userId='999998'}} actual: Address{addressId=999998, houseNo='plot no 4', street='dwaraka nagar cology', landmark='patancheru', villageTownCity='kistareddypet', district='sangareddy', state='telangana', pincode=502139, status='A', dBLog=DBLog{timestamp='2019-09-03 23:18:17.113', application='svms-1.0v', machineName='LAPTOP-D1GI58VA', userId='999998'}}
2019-09-03 23:18:17.936: svms.Repository.AddressRepositoryImpl: 
findAddressById(): query: SELECT * FROM address WHERE addressid = :addressid
2019-09-03 23:18:17.953: svms.Repository.AddressRepositoryImpl: 
saveAddress(): query: INSERT INTO address VALUES(?,?,?,?,?,?,?,?,?,?,?,?,?) and address: Address{addressId=999992, houseNo='plot no 4', street='dwaraka nagar cology', landmark='patancheru', villageTownCity='kistareddypet', district='sangareddy', state='telangana', pincode=502139, status='I', dBLog=DBLog{timestamp='2019-09-03 23:18:17.113', application='svms-1.0v', machineName='LAPTOP-D1GI58VA', userId='999992'}}
2019-09-03 23:18:20.023: svms.AddressEndToEndTest: 
### started cleanupDataForAddress() ###
2019-09-03 23:18:20.023: svms.Repository.AddressRepositoryImpl: 
findAllAddress(): query: SELECT * FROM address
cleanupDataForAddress(): data before cleanup: [Address{addressId=999995, houseNo='plot no 4', street='dwaraka nagar cology', landmark='patancheru', villageTownCity='kistareddypet', district='sangareddy', state='telangana', pincode=502139, status='I', dBLog=DBLog{timestamp='2019-09-03 23:18:17.113', application='svms-1.0v', machineName='LAPTOP-D1GI58VA', userId='999995'}}, Address{addressId=999998, houseNo='plot no 4', street='dwaraka nagar cology', landmark='patancheru', villageTownCity='kistareddypet', district='sangareddy', state='telangana', pincode=502139, status='A', dBLog=DBLog{timestamp='2019-09-03 23:18:17.113', application='svms-1.0v', machineName='LAPTOP-D1GI58VA', userId='999998'}}, Address{addressId=999997, houseNo='plot no 4', street='dwaraka nagar cology', landmark='patancheru', villageTownCity='kistareddypet', district='sangareddy', state='telangana', pincode=502139, status='I', dBLog=DBLog{timestamp='2019-09-03 23:18:17.113', application='svms-1.0v', machineName='LAPTOP-D1GI58VA', userId='999997'}}, Address{addressId=999996, houseNo='plot no 4', street='dwaraka nagar cology', landmark='patancheru', villageTownCity='kistareddypet', district='sangareddy', state='telangana', pincode=502139, status='I', dBLog=DBLog{timestamp='2019-09-03 23:18:17.113', application='svms-1.0v', machineName='LAPTOP-D1GI58VA', userId='999996'}}]
2019-09-03 23:18:20.062: svms.Repository.AddressRepositoryImpl: 
cleanUp(): query: DELETE FROM address
2019-09-03 23:18:20.082: svms.Repository.AddressRepositoryImpl: 
findAllAddress(): query: SELECT * FROM address
cleanupDataForAddress(): data after cleanup: []
### ended cleanupDataForAddress() ###
2019-09-03 23:18:20.099: svms.AddressEndToEndTest: 
tearDown()
2019-09-03 23:18:20.154: svms.EmployeeEndToEndTest: 
### started createDataForEmployee() ###
2019-09-03 23:18:20.154: svms.Repository.EmployeeRepositoryImpl: 
cleanUp(): query: DELETE FROM  employee
2019-09-03 23:18:20.177: svms.Repository.EmployeeRepositoryImpl: 
saveEmployee(): query: INSERT INTO  employee VALUES(?,?,?,?,?,?,?,?,?,?) and employee: Employee{employeeId=999997, personId=999997, classId=999997, role='teacher', salary=25000, status='A', dBlog=DBLog{timestamp='2019-09-03 23:18:20.154', application='svms-1.0v', machineName='LAPTOP-D1GI58VA', userId='999997'}}
2019-09-03 23:18:20.199: svms.Repository.EmployeeRepositoryImpl: 
saveEmployee(): query: INSERT INTO  employee VALUES(?,?,?,?,?,?,?,?,?,?) and employee: Employee{employeeId=999996, personId=999996, classId=999996, role='teacher', salary=25000, status='A', dBlog=DBLog{timestamp='2019-09-03 23:18:20.154', application='svms-1.0v', machineName='LAPTOP-D1GI58VA', userId='999996'}}
2019-09-03 23:18:20.219: svms.Repository.EmployeeRepositoryImpl: 
saveEmployee(): query: INSERT INTO  employee VALUES(?,?,?,?,?,?,?,?,?,?) and employee: Employee{employeeId=999995, personId=999995, classId=999995, role='teacher', salary=25000, status='A', dBlog=DBLog{timestamp='2019-09-03 23:18:20.154', application='svms-1.0v', machineName='LAPTOP-D1GI58VA', userId='999995'}}
2019-09-03 23:18:20.242: svms.Repository.EmployeeRepositoryImpl: 
saveEmployee(): query: INSERT INTO  employee VALUES(?,?,?,?,?,?,?,?,?,?) and employee: Employee{employeeId=999994, personId=999994, classId=999994, role='incharge', salary=25000, status='I', dBlog=DBLog{timestamp='2019-09-03 23:18:20.154', application='svms-1.0v', machineName='LAPTOP-D1GI58VA', userId='999994'}}
2019-09-03 23:18:20.26: svms.Repository.EmployeeRepositoryImpl: 
saveEmployee(): query: INSERT INTO  employee VALUES(?,?,?,?,?,?,?,?,?,?) and employee: Employee{employeeId=999993, personId=999993, classId=999993, role='incharge', salary=25000, status='I', dBlog=DBLog{timestamp='2019-09-03 23:18:20.154', application='svms-1.0v', machineName='LAPTOP-D1GI58VA', userId='999993'}}
2019-09-03 23:18:20.279: svms.Repository.EmployeeRepositoryImpl: 
saveEmployee(): query: INSERT INTO  employee VALUES(?,?,?,?,?,?,?,?,?,?) and employee: Employee{employeeId=999992, personId=999992, classId=999992, role='incharge', salary=25000, status='I', dBlog=DBLog{timestamp='2019-09-03 23:18:20.154', application='svms-1.0v', machineName='LAPTOP-D1GI58VA', userId='999992'}}
2019-09-03 23:18:20.296: svms.Repository.EmployeeRepositoryImpl: 
findAllEmployees(): query: SELECT * FROM  employee
createDataForEmployee(): data[Employee{employeeId=999995, personId=999995, classId=999995, role='teacher', salary=25000, status='A', dBlog=DBLog{timestamp='2019-09-03 23:18:20.154', application='svms-1.0v', machineName='LAPTOP-D1GI58VA', userId='999995'}}, Employee{employeeId=999994, personId=999994, classId=999994, role='incharge', salary=25000, status='I', dBlog=DBLog{timestamp='2019-09-03 23:18:20.154', application='svms-1.0v', machineName='LAPTOP-D1GI58VA', userId='999994'}}, Employee{employeeId=999993, personId=999993, classId=999993, role='incharge', salary=25000, status='I', dBlog=DBLog{timestamp='2019-09-03 23:18:20.154', application='svms-1.0v', machineName='LAPTOP-D1GI58VA', userId='999993'}}, Employee{employeeId=999992, personId=999992, classId=999992, role='incharge', salary=25000, status='I', dBlog=DBLog{timestamp='2019-09-03 23:18:20.154', application='svms-1.0v', machineName='LAPTOP-D1GI58VA', userId='999992'}}, Employee{employeeId=999997, personId=999997, classId=999997, role='teacher', salary=25000, status='A', dBlog=DBLog{timestamp='2019-09-03 23:18:20.154', application='svms-1.0v', machineName='LAPTOP-D1GI58VA', userId='999997'}}, Employee{employeeId=999996, personId=999996, classId=999996, role='teacher', salary=25000, status='A', dBlog=DBLog{timestamp='2019-09-03 23:18:20.154', application='svms-1.0v', machineName='LAPTOP-D1GI58VA', userId='999996'}}]
### ended createDataForEmployee() ###
2019-09-03 23:18:20.316: svms.EmployeeEndToEndTest: 
dataSetup(): 
2019-09-03 23:18:20.316: svms.Repository.EmployeeRepositoryImpl: 
findAllEmployees(): query: SELECT * FROM  employee
2019-09-03 23:18:20.332: svms.EmployeeEndToEndTest: 
findAllEmployeesTest(): [Employee{employeeId=999995, personId=999995, classId=999995, role='teacher', salary=25000, status='A', dBlog=DBLog{timestamp='2019-09-03 23:18:20.154', application='svms-1.0v', machineName='LAPTOP-D1GI58VA', userId='999995'}}, Employee{employeeId=999994, personId=999994, classId=999994, role='incharge', salary=25000, status='I', dBlog=DBLog{timestamp='2019-09-03 23:18:20.154', application='svms-1.0v', machineName='LAPTOP-D1GI58VA', userId='999994'}}, Employee{employeeId=999993, personId=999993, classId=999993, role='incharge', salary=25000, status='I', dBlog=DBLog{timestamp='2019-09-03 23:18:20.154', application='svms-1.0v', machineName='LAPTOP-D1GI58VA', userId='999993'}}, Employee{employeeId=999992, personId=999992, classId=999992, role='incharge', salary=25000, status='I', dBlog=DBLog{timestamp='2019-09-03 23:18:20.154', application='svms-1.0v', machineName='LAPTOP-D1GI58VA', userId='999992'}}, Employee{employeeId=999997, personId=999997, classId=999997, role='teacher', salary=25000, status='A', dBlog=DBLog{timestamp='2019-09-03 23:18:20.154', application='svms-1.0v', machineName='LAPTOP-D1GI58VA', userId='999997'}}, Employee{employeeId=999996, personId=999996, classId=999996, role='teacher', salary=25000, status='A', dBlog=DBLog{timestamp='2019-09-03 23:18:20.154', application='svms-1.0v', machineName='LAPTOP-D1GI58VA', userId='999996'}}]
2019-09-03 23:18:20.334: svms.Repository.EmployeeRepositoryImpl: 
saveEmployee(): query: INSERT INTO  employee VALUES(?,?,?,?,?,?,?,?,?,?) and employee: Employee{employeeId=999989, personId=999989, classId=999989, role='incharge', salary=25000, status='I', dBlog=DBLog{timestamp='2019-09-03 23:18:20.154', application='svms-1.0v', machineName='LAPTOP-D1GI58VA', userId='999989'}}
2019-09-03 23:18:20.352: svms.Repository.EmployeeRepositoryImpl: 
updateEmployeeStatus(): query: UPDATE  employee SET status = ? WHERE  employeeid = ? and employeeId: 999989
2019-09-03 23:18:20.369: svms.EmployeeEndToEndTest: 
2019-09-03 23:18:20.369: svms.Repository.EmployeeRepositoryImpl: 
findEmployeeById(): query: SELECT * FROM  employee WHERE  employeeid = :employeeid and params: {employeeid=999989}
updateEmployeeStatusTest(): expected: A actual: A
2019-09-03 23:18:20.386: svms.Repository.EmployeeRepositoryImpl: 
findEmployeeById(): query: SELECT * FROM  employee WHERE  employeeid = :employeeid and params: {employeeid=999989}
2019-09-03 23:18:20.403: svms.Repository.EmployeeRepositoryImpl: 
deleteEmployee(): query: DELETE FROM  employee WHERE  employeeid = ? and employeeId: 999989
2019-09-03 23:18:20.423: svms.EmployeeEndToEndTest: 
2019-09-03 23:18:20.423: svms.Repository.EmployeeRepositoryImpl: 
findEmployeeByStatus(): query: SELECT * FROM  employee WHERE status = :status and params: {status=I}
findEmployeeByStatusTest(): expected: 3 actual: 3
2019-09-03 23:18:20.442: svms.Repository.EmployeeRepositoryImpl: 
findEmployeeByStatus(): query: SELECT * FROM  employee WHERE status = :status and params: {status=A}
findEmployeeByStatusTest(): expected: [Employee{employeeId=999997, personId=999997, classId=999997, role='teacher', salary=25000, status='A', dBlog=DBLog{timestamp='2019-09-03 23:18:20.154', application='svms-1.0v', machineName='LAPTOP-D1GI58VA', userId='999997'}}, Employee{employeeId=999996, personId=999996, classId=999996, role='teacher', salary=25000, status='A', dBlog=DBLog{timestamp='2019-09-03 23:18:20.154', application='svms-1.0v', machineName='LAPTOP-D1GI58VA', userId='999996'}}, Employee{employeeId=999995, personId=999995, classId=999995, role='teacher', salary=25000, status='A', dBlog=DBLog{timestamp='2019-09-03 23:18:20.154', application='svms-1.0v', machineName='LAPTOP-D1GI58VA', userId='999995'}}] actual: [Employee{employeeId=999995, personId=999995, classId=999995, role='teacher', salary=25000, status='A', dBlog=DBLog{timestamp='2019-09-03 23:18:20.154', application='svms-1.0v', machineName='LAPTOP-D1GI58VA', userId='999995'}}, Employee{employeeId=999997, personId=999997, classId=999997, role='teacher', salary=25000, status='A', dBlog=DBLog{timestamp='2019-09-03 23:18:20.154', application='svms-1.0v', machineName='LAPTOP-D1GI58VA', userId='999997'}}, Employee{employeeId=999996, personId=999996, classId=999996, role='teacher', salary=25000, status='A', dBlog=DBLog{timestamp='2019-09-03 23:18:20.154', application='svms-1.0v', machineName='LAPTOP-D1GI58VA', userId='999996'}}]
2019-09-03 23:18:20.459: svms.Repository.EmployeeRepositoryImpl: 
findEmployeeByStatus(): query: SELECT * FROM  employee WHERE status = :status and params: {status=I}
2019-09-03 23:18:22.482: svms.EmployeeEndToEndTest: 
2019-09-03 23:18:22.482: svms.Repository.EmployeeRepositoryImpl: 
findEmployeeById(): query: SELECT * FROM  employee WHERE  employeeid = :employeeid and params: {employeeid=999998}
2019-09-03 23:18:22.536: svms.EmployeeEndToEndTest: 
2019-09-03 23:18:22.536: svms.Repository.EmployeeRepositoryImpl: 
findEmployeeByStatus(): query: SELECT * FROM  employee WHERE role = :role and params: {role=incharge}
findEmployeeByRoleTest(): expected: 3 actual: 3
2019-09-03 23:18:22.564: svms.Repository.EmployeeRepositoryImpl: 
findEmployeeByStatus(): query: SELECT * FROM  employee WHERE role = :role and params: {role=incharge}
findEmployeeByRoleTest(): expected: [Employee{employeeId=999994, personId=999994, classId=999994, role='incharge', salary=25000, status='I', dBlog=DBLog{timestamp='2019-09-03 23:18:20.154', application='svms-1.0v', machineName='LAPTOP-D1GI58VA', userId='999994'}}, Employee{employeeId=999993, personId=999993, classId=999993, role='incharge', salary=25000, status='I', dBlog=DBLog{timestamp='2019-09-03 23:18:20.154', application='svms-1.0v', machineName='LAPTOP-D1GI58VA', userId='999993'}}, Employee{employeeId=999992, personId=999992, classId=999992, role='incharge', salary=25000, status='I', dBlog=DBLog{timestamp='2019-09-03 23:18:20.154', application='svms-1.0v', machineName='LAPTOP-D1GI58VA', userId='999992'}}] actual: [Employee{employeeId=999994, personId=999994, classId=999994, role='incharge', salary=25000, status='I', dBlog=DBLog{timestamp='2019-09-03 23:18:20.154', application='svms-1.0v', machineName='LAPTOP-D1GI58VA', userId='999994'}}, Employee{employeeId=999993, personId=999993, classId=999993, role='incharge', salary=25000, status='I', dBlog=DBLog{timestamp='2019-09-03 23:18:20.154', application='svms-1.0v', machineName='LAPTOP-D1GI58VA', userId='999993'}}, Employee{employeeId=999992, personId=999992, classId=999992, role='incharge', salary=25000, status='I', dBlog=DBLog{timestamp='2019-09-03 23:18:20.154', application='svms-1.0v', machineName='LAPTOP-D1GI58VA', userId='999992'}}]
2019-09-03 23:18:22.587: svms.Repository.EmployeeRepositoryImpl: 
findEmployeeByStatus(): query: SELECT * FROM  employee WHERE role = :role and params: {role=incharge}
2019-09-03 23:18:22.617: svms.Repository.EmployeeRepositoryImpl: 
findEmployeeByStatus(): query: SELECT * FROM  employee WHERE role = :role and params: {role=incharge}
2019-09-03 23:18:22.644: svms.Repository.EmployeeRepositoryImpl: 
saveEmployee(): query: INSERT INTO  employee VALUES(?,?,?,?,?,?,?,?,?,?) and employee: Employee{employeeId=999991, personId=999991, classId=999991, role='incharge', salary=25000, status='I', dBlog=DBLog{timestamp='2019-09-03 23:18:20.154', application='svms-1.0v', machineName='LAPTOP-D1GI58VA', userId='999991'}}
2019-09-03 23:18:22.672: svms.EmployeeEndToEndTest: 
2019-09-03 23:18:22.672: svms.Repository.EmployeeRepositoryImpl: 
findEmployeeById(): query: SELECT * FROM  employee WHERE  employeeid = :employeeid and params: {employeeid=999991}
saveEmployeeTest(): expected: Employee{employeeId=999991, personId=999991, classId=999991, role='incharge', salary=25000, status='I', dBlog=DBLog{timestamp='2019-09-03 23:18:20.154', application='svms-1.0v', machineName='LAPTOP-D1GI58VA', userId='999991'}} actual: Employee{employeeId=999991, personId=999991, classId=999991, role='incharge', salary=25000, status='I', dBlog=DBLog{timestamp='2019-09-03 23:18:20.154', application='svms-1.0v', machineName='LAPTOP-D1GI58VA', userId='999991'}}
2019-09-03 23:18:22.694: svms.Repository.EmployeeRepositoryImpl: 
findEmployeeById(): query: SELECT * FROM  employee WHERE  employeeid = :employeeid and params: {employeeid=999991}
2019-09-03 23:18:22.722: svms.Repository.EmployeeRepositoryImpl: 
deleteEmployee(): query: DELETE FROM  employee WHERE  employeeid = ? and employeeId: 999991
2019-09-03 23:18:22.745: svms.EmployeeEndToEndTest: 
deleteEmployeeTest()
2019-09-03 23:18:22.746: svms.Repository.EmployeeRepositoryImpl: 
saveEmployee(): query: INSERT INTO  employee VALUES(?,?,?,?,?,?,?,?,?,?) and employee: Employee{employeeId=999990, personId=999990, classId=999990, role='incharge', salary=25000, status='I', dBlog=DBLog{timestamp='2019-09-03 23:18:20.154', application='svms-1.0v', machineName='LAPTOP-D1GI58VA', userId='999990'}}
2019-09-03 23:18:22.769: svms.Repository.EmployeeRepositoryImpl: 
deleteEmployee(): query: DELETE FROM  employee WHERE  employeeid = ? and employeeId: 999990
2019-09-03 23:18:22.793: svms.Repository.EmployeeRepositoryImpl: 
saveEmployee(): query: INSERT INTO  employee VALUES(?,?,?,?,?,?,?,?,?,?) and employee: Employee{employeeId=999988, personId=999988, classId=999988, role='incharge', salary=25000, status='I', dBlog=DBLog{timestamp='2019-09-03 23:18:20.154', application='svms-1.0v', machineName='LAPTOP-D1GI58VA', userId='999988'}}
2019-09-03 23:18:22.815: svms.Repository.EmployeeRepositoryImpl: 
updateEmployeeRole(): query: UPDATE  employee SET role = ? WHERE  employeeid = ? and employeeId: 999988
2019-09-03 23:18:22.838: svms.EmployeeEndToEndTest: 
2019-09-03 23:18:22.838: svms.Repository.EmployeeRepositoryImpl: 
findEmployeeById(): query: SELECT * FROM  employee WHERE  employeeid = :employeeid and params: {employeeid=999988}
updateEmployeeStatusTest(): expected: Vice Principal actual: Vice Principal
2019-09-03 23:18:22.861: svms.Repository.EmployeeRepositoryImpl: 
findEmployeeById(): query: SELECT * FROM  employee WHERE  employeeid = :employeeid and params: {employeeid=999988}
2019-09-03 23:18:22.885: svms.Repository.EmployeeRepositoryImpl: 
deleteEmployee(): query: DELETE FROM  employee WHERE  employeeid = ? and employeeId: 999988
2019-09-03 23:18:22.908: svms.Repository.EmployeeRepositoryImpl: 
saveEmployee(): query: INSERT INTO  employee VALUES(?,?,?,?,?,?,?,?,?,?) and employee: Employee{employeeId=999987, personId=999987, classId=999987, role='incharge', salary=25000, status='I', dBlog=DBLog{timestamp='2019-09-03 23:18:20.154', application='svms-1.0v', machineName='LAPTOP-D1GI58VA', userId='999987'}}
2019-09-03 23:18:22.931: svms.Repository.EmployeeRepositoryImpl: 
updateEmployeeSalary(): query: UPDATE  employee SET salary = ? WHERE  employeeid = ? and employeeId: 999987
2019-09-03 23:18:22.95: svms.EmployeeEndToEndTest: 
2019-09-03 23:18:22.95: svms.Repository.EmployeeRepositoryImpl: 
findEmployeeById(): query: SELECT * FROM  employee WHERE  employeeid = :employeeid and params: {employeeid=999989}
2019-09-03 23:18:22.967: svms.EmployeeEndToEndTest: 
### started cleanupDataForEmployee() ###
2019-09-03 23:18:22.967: svms.Repository.EmployeeRepositoryImpl: 
findAllEmployees(): query: SELECT * FROM  employee
2019-09-03 23:18:25.099: svms.LoginUserEndToEndTest: 
### started createDataForLoginUser() ###
2019-09-03 23:18:25.099: svms.Repository.LoginUserRepositoryImpl: 
cleanUp(): query: DELETE FROM loginuser
2019-09-03 23:18:27.139: svms.LoginUserEndToEndTest: 
### started cleanupDataForLoginUser() ###
2019-09-03 23:18:27.14: svms.Repository.LoginUserRepositoryImpl: 
findAllLoginUsers(): query: SELECT * FROM loginuser
cleanupDataForLoginUser(): data before cleanup: []
2019-09-03 23:18:27.175: svms.Repository.LoginUserRepositoryImpl: 
cleanUp(): query: DELETE FROM loginuser
2019-09-03 23:18:27.208: svms.Repository.LoginUserRepositoryImpl: 
findAllLoginUsers(): query: SELECT * FROM loginuser
cleanupDataForLoginUser(): data after cleanup: []
### ended cleanupDataForLoginUser() ###
2019-09-03 23:18:27.244: svms.LoginUserEndToEndTest: 
tearDown()
2019-09-03 23:18:27.339: svms.PersonEndToEndTest: 
### started createDataForPerson() ###
2019-09-03 23:18:27.339: svms.Repository.PersonRepositoryImpl: 
cleanUp(): query: DELETE FROM person
2019-09-03 23:18:27.369: svms.Repository.PersonRepositoryImpl: 
savePerson(): query: INSERT INTO person VALUES(?,?,?,?,?,?,?,?,?,?,?,?,?,?) and person: Person{personId=999998, firstName='ravindra', lastName='ambati', gender='M', dateOfBirth='3892-08-23 00:00:00.0', dateOfJoin='3917-07-01 00:00:00.0', contact=1234567890, alternativeContact=1234567890, status='A', addressId=999998, dBLog=DBLog{timestamp='2019-09-03 23:18:27.339', application='svms-1.0v', machineName='LAPTOP-D1GI58VA', userId='999998'}}
2019-09-03 23:18:27.398: svms.Repository.PersonRepositoryImpl: 
savePerson(): query: INSERT INTO person VALUES(?,?,?,?,?,?,?,?,?,?,?,?,?,?) and person: Person{personId=999997, firstName='ravindra', lastName='ambati', gender='M', dateOfBirth='3892-08-23 00:00:00.0', dateOfJoin='3917-07-01 00:00:00.0', contact=1234567890, alternativeContact=1234567890, status='A', addressId=999998, dBLog=DBLog{timestamp='2019-09-03 23:18:27.339', application='svms-1.0v', machineName='LAPTOP-D1GI58VA', userId='999998'}}
2019-09-03 23:18:27.42: svms.Repository.PersonRepositoryImpl: 
savePerson(): query: INSERT INTO person VALUES(?,?,?,?,?,?,?,?,?,?,?,?,?,?) and person: Person{personId=999996, firstName='ravindra', lastName='ambati', gender='M', dateOfBirth='3892-08-23 00:00:00.0', dateOfJoin='3917-07-01 00:00:00.0', contact=1234567890, alternativeContact=1234567890, status='A', addressId=999998, dBLog=DBLog{timestamp='2019-09-03 23:18:27.339', application='svms-1.0v', machineName='LAPTOP-D1GI58VA', userId='999998'}}
2019-09-03 23:18:27.44: svms.Repository.PersonRepositoryImpl: 
savePerson(): query: INSERT INTO person VALUES(?,?,?,?,?,?,?,?,?,?,?,?,?,?) and person: Person{personId=999995, firstName='ravindra', lastName='ambati', gender='M', dateOfBirth='3892-08-23 00:00:00.0', dateOfJoin='3917-07-01 00:00:00.0', contact=1234567890, alternativeContact=1234567890, status='A', addressId=999998, dBLog=DBLog{timestamp='2019-09-03 23:18:27.339', application='svms-1.0v', machineName='LAPTOP-D1GI58VA', userId='999998'}}
2019-09-03 23:18:27.459: svms.Repository.PersonRepositoryImpl: 
findAllPersons(): query: SELECT * FROM person
createDataForPerson(): data[Person{personId=999998, firstName='ravindra', lastName='ambati', gender='M', dateOfBirth='3892-08-23 00:00:00.0', dateOfJoin='3917-07-01 00:00:00.0', contact=1234567890, alternativeContact=1234567890, status='A', addressId=999998, dBLog=DBLog{timestamp='2019-09-03 23:18:27.339', application='svms-1.0v', machineName='LAPTOP-D1GI58VA', userId='999998'}}, Person{personId=999997, firstName='ravindra', lastName='ambati', gender='M', dateOfBirth='3892-08-23 00:00:00.0', dateOfJoin='3917-07-01 00:00:00.0', contact=1234567890, alternativeContact=1234567890, status='A', addressId=999998, dBLog=DBLog{timestamp='2019-09-03 23:18:27.339', application='svms-1.0v', machineName='LAPTOP-D1GI58VA', userId='999998'}}, Person{personId=999996, firstName='ravindra', lastName='ambati', gender='M', dateOfBirth='3892-08-23 00:00:00.0', dateOfJoin='3917-07-01 00:00:00.0', contact=1234567890, alternativeContact=1234567890, status='A', addressId=999998, dBLog=DBLog{timestamp='2019-09-03 23:18:27.339', application='svms-1.0v', machineName='LAPTOP-D1GI58VA', userId='999998'}}, Person{personId=999995, firstName='ravindra', lastName='ambati', gender='M', dateOfBirth='3892-08-23 00:00:00.0', dateOfJoin='3917-07-01 00:00:00.0', contact=1234567890, alternativeContact=1234567890, status='A', addressId=999998, dBLog=DBLog{timestamp='2019-09-03 23:18:27.339', application='svms-1.0v', machineName='LAPTOP-D1GI58VA', userId='999998'}}]
### ended createDataForPerson() ###
2019-09-03 23:18:27.477: svms.PersonEndToEndTest: 
dataSetup(): 
2019-09-03 23:18:27.479: svms.Repository.PersonRepositoryImpl: 
savePerson(): query: INSERT INTO person VALUES(?,?,?,?,?,?,?,?,?,?,?,?,?,?) and person: Person{personId=999994, firstName='ravindra', lastName='ambati', gender='M', dateOfBirth='3892-08-23 00:00:00.0', dateOfJoin='3917-07-01 00:00:00.0', contact=1234567890, alternativeContact=1234567890, status='A', addressId=999998, dBLog=DBLog{timestamp='2019-09-03 23:18:27.339', application='svms-1.0v', machineName='LAPTOP-D1GI58VA', userId='999998'}}
2019-09-03 23:18:27.496: svms.PersonEndToEndTest: 
2019-09-03 23:18:27.496: svms.Repository.PersonRepositoryImpl: 
findPersonById(): query: SELECT * FROM person WHERE personid = :personid
savePersonTest(): expected: Person{personId=999994, firstName='ravindra', lastName='ambati', gender='M', dateOfBirth='3892-08-23 00:00:00.0', dateOfJoin='3917-07-01 00:00:00.0', contact=1234567890, alternativeContact=1234567890, status='A', addressId=999998, dBLog=DBLog{timestamp='2019-09-03 23:18:27.339', application='svms-1.0v', machineName='LAPTOP-D1GI58VA', userId='999998'}} actual: Person{personId=999994, firstName='ravindra', lastName='ambati', gender='M', dateOfBirth='3892-08-23 00:00:00.0', dateOfJoin='3917-07-01 00:00:00.0', contact=1234567890, alternativeContact=1234567890, status='A', addressId=999998, dBLog=DBLog{timestamp='2019-09-03 23:18:27.339', application='svms-1.0v', machineName='LAPTOP-D1GI58VA', userId='999998'}}
2019-09-03 23:18:27.513: svms.Repository.PersonRepositoryImpl: 
findPersonById(): query: SELECT * FROM person WHERE personid = :personid
2019-09-03 23:18:27.529: svms.Repository.PersonRepositoryImpl: 
deletePerson(): query: DELETE FROM person WHERE personid = ? and personId: 999994
2019-09-03 23:18:27.547: svms.Repository.PersonRepositoryImpl: 
savePerson(): query: INSERT INTO person VALUES(?,?,?,?,?,?,?,?,?,?,?,?,?,?) and person: Person{personId=999992, firstName='ravindra', lastName='ambati', gender='M', dateOfBirth='3892-08-23 00:00:00.0', dateOfJoin='3917-07-01 00:00:00.0', contact=1234567890, alternativeContact=1234567890, status='A', addressId=999998, dBLog=DBLog{timestamp='2019-09-03 23:18:27.339', application='svms-1.0v', machineName='LAPTOP-D1GI58VA', userId='999998'}}
2019-09-03 23:18:27.576: svms.Repository.PersonRepositoryImpl: 
updatePersonStatus(): query: UPDATE person SET status = ? WHERE personid = ? and personId: 999992
2019-09-03 23:18:27.594: svms.PersonEndToEndTest: 
2019-09-03 23:18:27.594: svms.Repository.PersonRepositoryImpl: 
findPersonById(): query: SELECT * FROM person WHERE personid = :personid
updatePersonStatusTest(): expected: A actual: A
2019-09-03 23:18:27.61: svms.Repository.PersonRepositoryImpl: 
findPersonById(): query: SELECT * FROM person WHERE personid = :personid
2019-09-03 23:18:27.627: svms.Repository.PersonRepositoryImpl: 
deletePerson(): query: DELETE FROM person WHERE personid = ? and personId: 999992
2019-09-03 23:18:27.646: svms.PersonEndToEndTest: 
deletePersonTest()
2019-09-03 23:18:27.646: svms.Repository.PersonRepositoryImpl: 
savePerson(): query: INSERT INTO person VALUES(?,?,?,?,?,?,?,?,?,?,?,?,?,?) and person: Person{personId=999993, firstName='ravindra', lastName='ambati', gender='M', dateOfBirth='3892-08-23 00:00:00.0', dateOfJoin='3917-07-01 00:00:00.0', contact=1234567890, alternativeContact=1234567890, status='A', addressId=999998, dBLog=DBLog{timestamp='2019-09-03 23:18:27.339', application='svms-1.0v', machineName='LAPTOP-D1GI58VA', userId='999998'}}
2019-09-03 23:18:27.692: svms.Repository.PersonRepositoryImpl: 
deletePerson(): query: DELETE FROM person WHERE personid = ? and personId: 999993
2019-09-03 23:18:29.729: svms.Repository.PersonRepositoryImpl: 
findAllPersons(): query: SELECT * FROM person
2019-09-03 23:18:29.781: svms.PersonEndToEndTest: 
findAllPersonsTest(): [Person{personId=999993, firstName='ravindra', lastName='ambati', gender='M', dateOfBirth='3892-08-23 00:00:00.0', dateOfJoin='3917-07-01 00:00:00.0', contact=1234567890, alternativeContact=1234567890, status='A', addressId=999998, dBLog=DBLog{timestamp='2019-09-03 23:18:27.339', application='svms-1.0v', machineName='LAPTOP-D1GI58VA', userId='999998'}}, Person{personId=999998, firstName='ravindra', lastName='ambati', gender='M', dateOfBirth='3892-08-23 00:00:00.0', dateOfJoin='3917-07-01 00:00:00.0', contact=1234567890, alternativeContact=1234567890, status='A', addressId=999998, dBLog=DBLog{timestamp='2019-09-03 23:18:27.339', application='svms-1.0v', machineName='LAPTOP-D1GI58VA', userId='999998'}}, Person{personId=999997, firstName='ravindra', lastName='ambati', gender='M', dateOfBirth='3892-08-23 00:00:00.0', dateOfJoin='3917-07-01 00:00:00.0', contact=1234567890, alternativeContact=1234567890, status='A', addressId=999998, dBLog=DBLog{timestamp='2019-09-03 23:18:27.339', application='svms-1.0v', machineName='LAPTOP-D1GI58VA', userId='999998'}}, Person{personId=999996, firstName='ravindra', lastName='ambati', gender='M', dateOfBirth='3892-08-23 00:00:00.0', dateOfJoin='3917-07-01 00:00:00.0', contact=1234567890, alternativeContact=1234567890, status='A', addressId=999998, dBLog=DBLog{timestamp='2019-09-03 23:18:27.339', application='svms-1.0v', machineName='LAPTOP-D1GI58VA', userId='999998'}}, Person{personId=999995, firstName='ravindra', lastName='ambati', gender='M', dateOfBirth='3892-08-23 00:00:00.0', dateOfJoin='3917-07-01 00:00:00.0', contact=1234567890, alternativeContact=1234567890, status='A', addressId=999998, dBLog=DBLog{timestamp='2019-09-03 23:18:27.339', application='svms-1.0v', machineName='LAPTOP-D1GI58VA', userId='999998'}}]
2019-09-03 23:18:29.783: svms.PersonEndToEndTest: 
2019-09-03 23:18:29.783: svms.Repository.PersonRepositoryImpl: 
findPersonByStatus(): query: SELECT * FROM person WHERE status = :status and params: {status=A}
findPersonByStatusTest(): expected: 3 actual: 5
2019-09-03 23:18:29.812: svms.Repository.PersonRepositoryImpl: 
findPersonByStatus(): query: SELECT * FROM person WHERE status = :status and params: {status=A}
findPersonByStatusTest(): expected: [Person{personId=999997, firstName='ravindra', lastName='ambati', gender='M', dateOfBirth='3892-08-23 00:00:00.0', dateOfJoin='3917-07-01 00:00:00.0', contact=1234567890, alternativeContact=1234567890, status='A', addressId=999998, dBLog=DBLog{timestamp='2019-09-03 23:18:27.339', application='svms-1.0v', machineName='LAPTOP-D1GI58VA', userId='999998'}}, Person{personId=999996, firstName='ravindra', lastName='ambati', gender='M', dateOfBirth='3892-08-23 00:00:00.0', dateOfJoin='3917-07-01 00:00:00.0', contact=1234567890, alternativeContact=1234567890, status='A', addressId=999998, dBLog=DBLog{timestamp='2019-09-03 23:18:27.339', application='svms-1.0v', machineName='LAPTOP-D1GI58VA', userId='999998'}}, Person{personId=999995, firstName='ravindra', lastName='ambati', gender='M', dateOfBirth='3892-08-23 00:00:00.0', dateOfJoin='3917-07-01 00:00:00.0', contact=1234567890, alternativeContact=1234567890, status='A', addressId=999998, dBLog=DBLog{timestamp='2019-09-03 23:18:27.339', application='svms-1.0v', machineName='LAPTOP-D1GI58VA', userId='999998'}}] actual: [Person{personId=999993, firstName='ravindra', lastName='ambati', gender='M', dateOfBirth='3892-08-23 00:00:00.0', dateOfJoin='3917-07-01 00:00:00.0', contact=1234567890, alternativeContact=1234567890, status='A', addressId=999998, dBLog=DBLog{timestamp='2019-09-03 23:18:27.339', application='svms-1.0v', machineName='LAPTOP-D1GI58VA', userId='999998'}}, Person{personId=999998, firstName='ravindra', lastName='ambati', gender='M', dateOfBirth='3892-08-23 00:00:00.0', dateOfJoin='3917-07-01 00:00:00.0', contact=1234567890, alternativeContact=1234567890, status='A', addressId=999998, dBLog=DBLog{timestamp='2019-09-03 23:18:27.339', application='svms-1.0v', machineName='LAPTOP-D1GI58VA', userId='999998'}}, Person{personId=999997, firstName='ravindra', lastName='ambati', gender='M', dateOfBirth='3892-08-23 00:00:00.0', dateOfJoin='3917-07-01 00:00:00.0', contact=1234567890, alternativeContact=1234567890, status='A', addressId=999998, dBLog=DBLog{timestamp='2019-09-03 23:18:27.339', application='svms-1.0v', machineName='LAPTOP-D1GI58VA', userId='999998'}}, Person{personId=999996, firstName='ravindra', lastName='ambati', gender='M', dateOfBirth='3892-08-23 00:00:00.0', dateOfJoin='3917-07-01 00:00:00.0', contact=1234567890, alternativeContact=1234567890, status='A', addressId=999998, dBLog=DBLog{timestamp='2019-09-03 23:18:27.339', application='svms-1.0v', machineName='LAPTOP-D1GI58VA', userId='999998'}}, Person{personId=999995, firstName='ravindra', lastName='ambati', gender='M', dateOfBirth='3892-08-23 00:00:00.0', dateOfJoin='3917-07-01 00:00:00.0', contact=1234567890, alternativeContact=1234567890, status='A', addressId=999998, dBLog=DBLog{timestamp='2019-09-03 23:18:27.339', application='svms-1.0v', machineName='LAPTOP-D1GI58VA', userId='999998'}}]
2019-09-03 23:18:29.836: svms.Repository.PersonRepositoryImpl: 
findPersonByStatus(): query: SELECT * FROM person WHERE status = :status and params: {status=A}
2019-09-03 23:18:29.866: svms.PersonEndToEndTest: 
2019-09-03 23:18:29.866: svms.Repository.PersonRepositoryImpl: 
findPersonById(): query: SELECT * FROM person WHERE personid = :personid
findPersonByIdTest(): expected: Person{personId=999998, firstName='ravindra', lastName='ambati', gender='M', dateOfBirth='3892-08-23 00:00:00.0', dateOfJoin='3917-07-01 00:00:00.0', contact=1234567890, alternativeContact=1234567890, status='A', addressId=999998, dBLog=DBLog{timestamp='2019-09-03 23:18:27.339', application='svms-1.0v', machineName='LAPTOP-D1GI58VA', userId='999998'}} actual: Person{personId=999998, firstName='ravindra', lastName='ambati', gender='M', dateOfBirth='3892-08-23 00:00:00.0', dateOfJoin='3917-07-01 00:00:00.0', contact=1234567890, alternativeContact=1234567890, status='A', addressId=999998, dBLog=DBLog{timestamp='2019-09-03 23:18:27.339', application='svms-1.0v', machineName='LAPTOP-D1GI58VA', userId='999998'}}
2019-09-03 23:18:29.89: svms.Repository.PersonRepositoryImpl: 
findPersonById(): query: SELECT * FROM person WHERE personid = :personid
2019-09-03 23:18:29.922: svms.PersonEndToEndTest: 
### started cleanupDataForPerson() ###
2019-09-03 23:18:29.922: svms.Repository.PersonRepositoryImpl: 
findAllPersons(): query: SELECT * FROM person
cleanupDataForPerson(): data before cleanup: [Person{personId=999993, firstName='ravindra', lastName='ambati', gender='M', dateOfBirth='3892-08-23 00:00:00.0', dateOfJoin='3917-07-01 00:00:00.0', contact=1234567890, alternativeContact=1234567890, status='A', addressId=999998, dBLog=DBLog{timestamp='2019-09-03 23:18:27.339', application='svms-1.0v', machineName='LAPTOP-D1GI58VA', userId='999998'}}, Person{personId=999998, firstName='ravindra', lastName='ambati', gender='M', dateOfBirth='3892-08-23 00:00:00.0', dateOfJoin='3917-07-01 00:00:00.0', contact=1234567890, alternativeContact=1234567890, status='A', addressId=999998, dBLog=DBLog{timestamp='2019-09-03 23:18:27.339', application='svms-1.0v', machineName='LAPTOP-D1GI58VA', userId='999998'}}, Person{personId=999997, firstName='ravindra', lastName='ambati', gender='M', dateOfBirth='3892-08-23 00:00:00.0', dateOfJoin='3917-07-01 00:00:00.0', contact=1234567890, alternativeContact=1234567890, status='A', addressId=999998, dBLog=DBLog{timestamp='2019-09-03 23:18:27.339', application='svms-1.0v', machineName='LAPTOP-D1GI58VA', userId='999998'}}, Person{personId=999996, firstName='ravindra', lastName='ambati', gender='M', dateOfBirth='3892-08-23 00:00:00.0', dateOfJoin='3917-07-01 00:00:00.0', contact=1234567890, alternativeContact=1234567890, status='A', addressId=999998, dBLog=DBLog{timestamp='2019-09-03 23:18:27.339', application='svms-1.0v', machineName='LAPTOP-D1GI58VA', userId='999998'}}, Person{personId=999995, firstName='ravindra', lastName='ambati', gender='M', dateOfBirth='3892-08-23 00:00:00.0', dateOfJoin='3917-07-01 00:00:00.0', contact=1234567890, alternativeContact=1234567890, status='A', addressId=999998, dBLog=DBLog{timestamp='2019-09-03 23:18:27.339', application='svms-1.0v', machineName='LAPTOP-D1GI58VA', userId='999998'}}]
2019-09-03 23:18:29.943: svms.Repository.PersonRepositoryImpl: 
cleanUp(): query: DELETE FROM person
2019-09-03 23:18:29.974: svms.Repository.PersonRepositoryImpl: 
findAllPersons(): query: SELECT * FROM person
cleanupDataForPerson(): data after cleanup: []
### ended cleanupDataForPerson() ###
2019-09-03 23:18:29.994: svms.PersonEndToEndTest: 
tearDown()
